#! /opt/homebrew/Cellar/icarus-verilog/12.0/bin/vvp
:ivl_version "12.0 (stable)";
:ivl_delay_selection "TYPICAL";
:vpi_time_precision + 0;
:vpi_module "/opt/homebrew/Cellar/icarus-verilog/12.0/lib/ivl/system.vpi";
:vpi_module "/opt/homebrew/Cellar/icarus-verilog/12.0/lib/ivl/vhdl_sys.vpi";
:vpi_module "/opt/homebrew/Cellar/icarus-verilog/12.0/lib/ivl/vhdl_textio.vpi";
:vpi_module "/opt/homebrew/Cellar/icarus-verilog/12.0/lib/ivl/v2005_math.vpi";
:vpi_module "/opt/homebrew/Cellar/icarus-verilog/12.0/lib/ivl/va_math.vpi";
S_0x158e53200 .scope module, "alu" "alu" 2 1;
 .timescale 0 0;
    .port_info 0 /INPUT 4 "a";
    .port_info 1 /INPUT 4 "b";
    .port_info 2 /INPUT 3 "control";
    .port_info 3 /OUTPUT 4 "res";
o0x150040550 .functor BUFZ 4, C4<zzzz>; HiZ drive
o0x150040610 .functor BUFZ 4, C4<zzzz>; HiZ drive
L_0x158e6cd10 .functor AND 4, o0x150040550, o0x150040610, C4<1111>, C4<1111>;
L_0x158e6cde0 .functor NOT 4, o0x150040610, C4<0000>, C4<0000>, C4<0000>;
L_0x158e6ceb0 .functor AND 4, o0x150040550, L_0x158e6cde0, C4<1111>, C4<1111>;
L_0x158e6cfc0 .functor OR 4, o0x150040550, o0x150040610, C4<0000>, C4<0000>;
L_0x158e6d050 .functor NOT 4, o0x150040610, C4<0000>, C4<0000>, C4<0000>;
L_0x158e6d160 .functor OR 4, o0x150040550, L_0x158e6d050, C4<0000>, C4<0000>;
L_0x158e6d570 .functor XOR 1, L_0x158e6d430, L_0x158e6d4d0, C4<0>, C4<0>;
L_0x158e6d6e0 .functor AND 1, L_0x158e6d570, L_0x158e6d430, C4<1>, C4<1>;
L_0x158e6d790 .functor NOT 1, L_0x158e6d570, C4<0>, C4<0>, C4<0>;
L_0x158e6d920 .functor AND 1, L_0x158e6d790, L_0x158e6d850, C4<1>, C4<1>;
L_0x158e6da10 .functor OR 1, L_0x158e6d6e0, L_0x158e6d920, C4<0>, C4<0>;
v0x158e5a150_0 .net *"_ivl_2", 3 0, L_0x158e6cde0;  1 drivers
v0x158e61810_0 .net *"_ivl_22", 0 0, L_0x158e6d6e0;  1 drivers
v0x158e618b0_0 .net *"_ivl_24", 0 0, L_0x158e6d790;  1 drivers
v0x158e61960_0 .net *"_ivl_27", 0 0, L_0x158e6d850;  1 drivers
v0x158e61a10_0 .net *"_ivl_28", 0 0, L_0x158e6d920;  1 drivers
L_0x150078010 .functor BUFT 1, C4<000>, C4<0>, C4<0>, C4<0>;
v0x158e61b00_0 .net/2u *"_ivl_32", 2 0, L_0x150078010;  1 drivers
L_0x150078058 .functor BUFT 1, C4<000>, C4<0>, C4<0>, C4<0>;
v0x158e61bb0_0 .net/2u *"_ivl_36", 2 0, L_0x150078058;  1 drivers
v0x158e61c60_0 .net *"_ivl_38", 0 0, L_0x158e6dc80;  1 drivers
L_0x1500780a0 .functor BUFT 1, C4<001>, C4<0>, C4<0>, C4<0>;
v0x158e61d00_0 .net/2u *"_ivl_40", 2 0, L_0x1500780a0;  1 drivers
v0x158e61e10_0 .net *"_ivl_42", 0 0, L_0x158e6dda0;  1 drivers
L_0x1500780e8 .functor BUFT 1, C4<010>, C4<0>, C4<0>, C4<0>;
v0x158e61eb0_0 .net/2u *"_ivl_44", 2 0, L_0x1500780e8;  1 drivers
v0x158e61f60_0 .net *"_ivl_46", 0 0, L_0x158e6dec0;  1 drivers
L_0x150078130 .functor BUFT 1, C4<011>, C4<0>, C4<0>, C4<0>;
v0x158e62000_0 .net/2u *"_ivl_48", 2 0, L_0x150078130;  1 drivers
v0x158e620b0_0 .net *"_ivl_50", 0 0, L_0x158e6dff0;  1 drivers
L_0x150078178 .functor BUFT 1, C4<100>, C4<0>, C4<0>, C4<0>;
v0x158e62150_0 .net/2u *"_ivl_52", 2 0, L_0x150078178;  1 drivers
v0x158e62200_0 .net *"_ivl_54", 0 0, L_0x158e6e110;  1 drivers
L_0x1500781c0 .functor BUFT 1, C4<101>, C4<0>, C4<0>, C4<0>;
v0x158e622a0_0 .net/2u *"_ivl_56", 2 0, L_0x1500781c0;  1 drivers
v0x158e62430_0 .net *"_ivl_58", 0 0, L_0x158e6e270;  1 drivers
L_0x150078208 .functor BUFT 1, C4<110>, C4<0>, C4<0>, C4<0>;
v0x158e624c0_0 .net/2u *"_ivl_60", 2 0, L_0x150078208;  1 drivers
v0x158e62560_0 .net *"_ivl_62", 0 0, L_0x158e6e350;  1 drivers
L_0x150078250 .functor BUFT 1, C4<0000>, C4<0>, C4<0>, C4<0>;
v0x158e62600_0 .net/2u *"_ivl_64", 3 0, L_0x150078250;  1 drivers
v0x158e626b0_0 .net *"_ivl_66", 3 0, L_0x158e6e520;  1 drivers
v0x158e62760_0 .net *"_ivl_68", 3 0, L_0x158e6e600;  1 drivers
v0x158e62810_0 .net *"_ivl_70", 3 0, L_0x158e6e7a0;  1 drivers
v0x158e628c0_0 .net *"_ivl_72", 3 0, L_0x158e6e880;  1 drivers
v0x158e62970_0 .net *"_ivl_74", 3 0, L_0x158e6e9f0;  1 drivers
v0x158e62a20_0 .net *"_ivl_76", 3 0, L_0x158e6eb10;  1 drivers
v0x158e62ad0_0 .net *"_ivl_8", 3 0, L_0x158e6d050;  1 drivers
v0x158e62b80_0 .net "a", 3 0, o0x150040550;  0 drivers
v0x158e62c30_0 .net "add_ab", 3 0, L_0x158e6d390;  1 drivers
v0x158e62ce0_0 .net "and_ab", 3 0, L_0x158e6cd10;  1 drivers
v0x158e62d90_0 .net "and_anb", 3 0, L_0x158e6ceb0;  1 drivers
v0x158e62e40_0 .net "b", 3 0, o0x150040610;  0 drivers
o0x150040640 .functor BUFZ 3, C4<zzz>; HiZ drive
v0x158e62350_0 .net "control", 2 0, o0x150040640;  0 drivers
v0x158e630d0_0 .net "diff_sign", 0 0, L_0x158e6d570;  1 drivers
v0x158e63160_0 .net "or_ab", 3 0, L_0x158e6cfc0;  1 drivers
v0x158e631f0_0 .net "or_anb", 3 0, L_0x158e6d160;  1 drivers
v0x158e632a0_0 .net "res", 3 0, L_0x158e6ec50;  1 drivers
v0x158e63350_0 .net "sign_a", 0 0, L_0x158e6d430;  1 drivers
v0x158e633f0_0 .net "sign_b", 0 0, L_0x158e6d4d0;  1 drivers
v0x158e63490_0 .net "slt_bit", 0 0, L_0x158e6da10;  1 drivers
v0x158e63530_0 .net "slt_res", 3 0, L_0x158e6db60;  1 drivers
v0x158e635e0_0 .net "sub_ab", 3 0, L_0x158e6d290;  1 drivers
L_0x158e6d290 .arith/sub 4, o0x150040550, o0x150040610;
L_0x158e6d390 .arith/sum 4, o0x150040550, o0x150040610;
L_0x158e6d430 .part o0x150040550, 3, 1;
L_0x158e6d4d0 .part o0x150040610, 3, 1;
L_0x158e6d850 .part L_0x158e6d290, 3, 1;
L_0x158e6db60 .concat [ 1 3 0 0], L_0x158e6da10, L_0x150078010;
L_0x158e6dc80 .cmp/eq 3, o0x150040640, L_0x150078058;
L_0x158e6dda0 .cmp/eq 3, o0x150040640, L_0x1500780a0;
L_0x158e6dec0 .cmp/eq 3, o0x150040640, L_0x1500780e8;
L_0x158e6dff0 .cmp/eq 3, o0x150040640, L_0x150078130;
L_0x158e6e110 .cmp/eq 3, o0x150040640, L_0x150078178;
L_0x158e6e270 .cmp/eq 3, o0x150040640, L_0x1500781c0;
L_0x158e6e350 .cmp/eq 3, o0x150040640, L_0x150078208;
L_0x158e6e520 .functor MUXZ 4, L_0x150078250, L_0x158e6db60, L_0x158e6e350, C4<>;
L_0x158e6e600 .functor MUXZ 4, L_0x158e6e520, L_0x158e6d390, L_0x158e6e270, C4<>;
L_0x158e6e7a0 .functor MUXZ 4, L_0x158e6e600, L_0x158e6d290, L_0x158e6e110, C4<>;
L_0x158e6e880 .functor MUXZ 4, L_0x158e6e7a0, L_0x158e6d160, L_0x158e6dff0, C4<>;
L_0x158e6e9f0 .functor MUXZ 4, L_0x158e6e880, L_0x158e6cfc0, L_0x158e6dec0, C4<>;
L_0x158e6eb10 .functor MUXZ 4, L_0x158e6e9f0, L_0x158e6ceb0, L_0x158e6dda0, C4<>;
L_0x158e6ec50 .functor MUXZ 4, L_0x158e6eb10, L_0x158e6cd10, L_0x158e6dc80, C4<>;
S_0x158e4f420 .scope module, "test_counter" "test_counter" 3 30;
 .timescale 0 0;
v0x158e6c780_0 .var "addr", 1 0;
v0x158e6c830_0 .var "clk", 0 0;
v0x158e6c8d0_0 .var "control", 0 0;
v0x158e6c9c0_0 .net "data", 3 0, L_0x158e718e0;  1 drivers
v0x158e6ca50_0 .net "data_expected", 3 0, L_0x158e71c00;  1 drivers
v0x158e6cb20_0 .var "immediate", 3 0;
v0x158e6cbf0 .array/s "state_actual", 0 3, 3 0;
v0x158e6cc80 .array/s "state_expected", 0 3, 3 0;
S_0x158e636f0 .scope task, "check_memory_state" "check_memory_state" 3 86, 3 86 0, S_0x158e4f420;
 .timescale 0 0;
TD_test_counter.check_memory_state ;
    %fork TD_test_counter.collect_state, S_0x158e63b40;
    %join;
    %fork TD_test_counter.check_state, S_0x158e63860;
    %join;
    %end;
S_0x158e63860 .scope task, "check_state" "check_state" 3 45, 3 45 0, S_0x158e4f420;
 .timescale 0 0;
v0x158e63a20_0 .var "check_error", 0 0;
v0x158e63ab0_0 .var/i "i", 31 0;
TD_test_counter.check_state ;
    %pushi/vec4 0, 0, 1;
    %store/vec4 v0x158e63a20_0, 0, 1;
    %pushi/vec4 0, 0, 32;
    %store/vec4 v0x158e63ab0_0, 0, 32;
T_1.0 ;
    %load/vec4 v0x158e63ab0_0;
    %cmpi/s 4, 0, 32;
    %jmp/0xz T_1.1, 5;
    %ix/getv/s 4, v0x158e63ab0_0;
    %load/vec4a v0x158e6cbf0, 4;
    %ix/getv/s 4, v0x158e63ab0_0;
    %load/vec4a v0x158e6cc80, 4;
    %cmp/ne;
    %jmp/0xz  T_1.2, 6;
    %pushi/vec4 1, 0, 1;
    %store/vec4 v0x158e63a20_0, 0, 1;
T_1.2 ;
    %load/vec4 v0x158e63ab0_0;
    %addi 1, 0, 32;
    %store/vec4 v0x158e63ab0_0, 0, 32;
    %jmp T_1.0;
T_1.1 ;
    %load/vec4 v0x158e63a20_0;
    %flag_set/vec4 8;
    %jmp/0xz  T_1.4, 8;
    %vpi_call 3 59 "$display", "  Error:" {0 0 0};
    %vpi_call 3 60 "$display", "    expected = [%d, %d, %d, %d]", &A<v0x158e6cc80, 0>, &A<v0x158e6cc80, 1>, &A<v0x158e6cc80, 2>, &A<v0x158e6cc80, 3> {0 0 0};
    %vpi_call 3 63 "$display", "    actual   = [%d, %d, %d, %d]", &A<v0x158e6cbf0, 0>, &A<v0x158e6cbf0, 1>, &A<v0x158e6cbf0, 2>, &A<v0x158e6cbf0, 3> {0 0 0};
T_1.4 ;
    %end;
S_0x158e63b40 .scope task, "collect_state" "collect_state" 3 70, 3 70 0, S_0x158e4f420;
 .timescale 0 0;
v0x158e63d20_0 .var "addr_buf", 1 0;
v0x158e63dd0_0 .var/i "i", 31 0;
TD_test_counter.collect_state ;
    %load/vec4 v0x158e6c780_0;
    %store/vec4 v0x158e63d20_0, 0, 2;
    %pushi/vec4 0, 0, 32;
    %store/vec4 v0x158e63dd0_0, 0, 32;
T_2.6 ;
    %load/vec4 v0x158e63dd0_0;
    %cmpi/s 4, 0, 32;
    %jmp/0xz T_2.7, 5;
    %load/vec4 v0x158e63dd0_0;
    %pad/s 2;
    %store/vec4 v0x158e6c780_0, 0, 2;
    %delay 1, 0;
    %load/vec4 v0x158e6c9c0_0;
    %ix/getv/s 4, v0x158e63dd0_0;
    %store/vec4a v0x158e6cbf0, 4, 0;
    %load/vec4 v0x158e6ca50_0;
    %ix/getv/s 4, v0x158e63dd0_0;
    %store/vec4a v0x158e6cc80, 4, 0;
    %load/vec4 v0x158e63dd0_0;
    %addi 1, 0, 32;
    %store/vec4 v0x158e63dd0_0, 0, 32;
    %jmp T_2.6;
T_2.7 ;
    %load/vec4 v0x158e63d20_0;
    %store/vec4 v0x158e6c780_0, 0, 2;
    %end;
S_0x158e63e80 .scope module, "counter_to_test" "counter" 3 40, 2 97 0, S_0x158e4f420;
 .timescale 0 0;
    .port_info 0 /INPUT 1 "clk";
    .port_info 1 /INPUT 2 "addr";
    .port_info 2 /INPUT 1 "control";
    .port_info 3 /INPUT 4 "immediate";
    .port_info 4 /OUTPUT 4 "data";
v0x158e6b3c0_0 .net *"_ivl_0", 3 0, L_0x158e6edb0;  1 drivers
v0x158e6b480_0 .net *"_ivl_2", 3 0, L_0x158e6ef30;  1 drivers
v0x158e6b520_0 .net "addr", 1 0, v0x158e6c780_0;  1 drivers
v0x158e6b630_0 .net "clk", 0 0, v0x158e6c830_0;  1 drivers
v0x158e6b6c0_0 .net "control", 0 0, v0x158e6c8d0_0;  1 drivers
v0x158e6b760_0 .net "data", 3 0, L_0x158e718e0;  alias, 1 drivers
v0x158e6b840_0 .net "immediate", 3 0, v0x158e6cb20_0;  1 drivers
v0x158e6b8d0_0 .net "we_value", 3 0, L_0x158e6f050;  1 drivers
L_0x158e6edb0 .arith/sub 4, L_0x158e718e0, v0x158e6cb20_0;
L_0x158e6ef30 .arith/sum 4, L_0x158e718e0, v0x158e6cb20_0;
L_0x158e6f050 .functor MUXZ 4, L_0x158e6ef30, L_0x158e6edb0, v0x158e6c8d0_0, C4<>;
S_0x158e640f0 .scope module, "rf_counter" "register_file" 2 108, 2 53 0, S_0x158e63e80;
 .timescale 0 0;
    .port_info 0 /INPUT 1 "clk";
    .port_info 1 /INPUT 2 "rd_addr";
    .port_info 2 /INPUT 2 "we_addr";
    .port_info 3 /INPUT 4 "we_data";
    .port_info 4 /OUTPUT 4 "rd_data";
    .port_info 5 /INPUT 1 "we";
v0x158e6aa70_0 .net "clk", 0 0, v0x158e6c830_0;  alias, 1 drivers
v0x158e67080_0 .net "rd_addr", 1 0, v0x158e6c780_0;  alias, 1 drivers
v0x158e6ad10_0 .net "rd_data", 3 0, L_0x158e718e0;  alias, 1 drivers
v0x158e6ada0_0 .net "reg0", 3 0, L_0x158e6f810;  1 drivers
v0x158e6ae30_0 .net "reg1", 3 0, L_0x158e700f0;  1 drivers
v0x158e6af00_0 .net "reg2", 3 0, L_0x158e70560;  1 drivers
v0x158e6afb0_0 .net "reg3", 3 0, L_0x158e71210;  1 drivers
L_0x1500783b8 .functor BUFT 1, C4<1>, C4<0>, C4<0>, C4<0>;
v0x158e6b060_0 .net "we", 0 0, L_0x1500783b8;  1 drivers
v0x158e6b110_0 .net "we_addr", 1 0, v0x158e6c780_0;  alias, 1 drivers
v0x158e6b220_0 .net "we_data", 3 0, L_0x158e6f050;  alias, 1 drivers
v0x158e6b2c0_0 .net "we_vec", 3 0, L_0x158e71cf0;  1 drivers
L_0x158e6f1d0 .part L_0x158e6f050, 0, 1;
L_0x158e6f270 .part L_0x158e71cf0, 0, 1;
L_0x158e6f350 .part L_0x158e6f050, 1, 1;
L_0x158e6f470 .part L_0x158e71cf0, 0, 1;
L_0x158e6f510 .part L_0x158e6f050, 2, 1;
L_0x158e6f5b0 .part L_0x158e71cf0, 0, 1;
L_0x158e6f6d0 .part L_0x158e6f050, 3, 1;
L_0x158e6f770 .part L_0x158e71cf0, 0, 1;
L_0x158e6f810 .concat8 [ 1 1 1 1], v0x158e64780_0, v0x158e64ca0_0, v0x158e65200_0, v0x158e656f0_0;
L_0x158e6f900 .part L_0x158e6f050, 0, 1;
L_0x158e6f9a0 .part L_0x158e71cf0, 1, 1;
L_0x158e6faa0 .part L_0x158e6f050, 1, 1;
L_0x158e6fc40 .part L_0x158e71cf0, 1, 1;
L_0x158e6fce0 .part L_0x158e6f050, 2, 1;
L_0x158e6fd80 .part L_0x158e71cf0, 1, 1;
L_0x158e6ff20 .part L_0x158e6f050, 3, 1;
L_0x158e6ffc0 .part L_0x158e71cf0, 1, 1;
L_0x158e700f0 .concat8 [ 1 1 1 1], v0x158e65ca0_0, v0x158e66170_0, v0x158e66680_0, v0x158e66b90_0;
L_0x158e70190 .part L_0x158e6f050, 0, 1;
L_0x158e702d0 .part L_0x158e71cf0, 2, 1;
L_0x158e70370 .part L_0x158e6f050, 1, 1;
L_0x158e70230 .part L_0x158e71cf0, 2, 1;
L_0x158e704c0 .part L_0x158e6f050, 2, 1;
L_0x158e70620 .part L_0x158e71cf0, 2, 1;
L_0x158e70410 .part L_0x158e6f050, 3, 1;
L_0x158e707b0 .part L_0x158e71cf0, 2, 1;
L_0x158e70560 .concat8 [ 1 1 1 1], v0x158e67210_0, v0x158e67670_0, v0x158e67b80_0, v0x158e68090_0;
L_0x158e709e0 .part L_0x158e6f050, 0, 1;
L_0x158e706e0 .part L_0x158e71cf0, 3, 1;
L_0x158e70b90 .part L_0x158e6f050, 1, 1;
L_0x158e70900 .part L_0x158e71cf0, 3, 1;
L_0x158e70e50 .part L_0x158e6f050, 2, 1;
L_0x158e70aa0 .part L_0x158e71cf0, 3, 1;
L_0x158e6fb40 .part L_0x158e6f050, 3, 1;
L_0x158e6fe20 .part L_0x158e71cf0, 3, 1;
L_0x158e71210 .concat8 [ 1 1 1 1], v0x158e685a0_0, v0x158e68ab0_0, v0x158e68fc0_0, v0x158e694d0_0;
S_0x158e64380 .scope module, "dl0_0" "d_latch" 2 68, 2 34 0, S_0x158e640f0;
 .timescale 0 0;
    .port_info 0 /INPUT 1 "clk";
    .port_info 1 /INPUT 1 "d";
    .port_info 2 /INPUT 1 "we";
    .port_info 3 /OUTPUT 1 "q";
v0x158e64630_0 .net "clk", 0 0, v0x158e6c830_0;  alias, 1 drivers
v0x158e646e0_0 .net "d", 0 0, L_0x158e6f1d0;  1 drivers
v0x158e64780_0 .var "q", 0 0;
v0x158e64830_0 .net "we", 0 0, L_0x158e6f270;  1 drivers
E_0x158e645d0 .event negedge, v0x158e64630_0;
S_0x158e64930 .scope module, "dl0_1" "d_latch" 2 69, 2 34 0, S_0x158e640f0;
 .timescale 0 0;
    .port_info 0 /INPUT 1 "clk";
    .port_info 1 /INPUT 1 "d";
    .port_info 2 /INPUT 1 "we";
    .port_info 3 /OUTPUT 1 "q";
v0x158e64b60_0 .net "clk", 0 0, v0x158e6c830_0;  alias, 1 drivers
v0x158e64c10_0 .net "d", 0 0, L_0x158e6f350;  1 drivers
v0x158e64ca0_0 .var "q", 0 0;
v0x158e64d50_0 .net "we", 0 0, L_0x158e6f470;  1 drivers
S_0x158e64e50 .scope module, "dl0_2" "d_latch" 2 70, 2 34 0, S_0x158e640f0;
 .timescale 0 0;
    .port_info 0 /INPUT 1 "clk";
    .port_info 1 /INPUT 1 "d";
    .port_info 2 /INPUT 1 "we";
    .port_info 3 /OUTPUT 1 "q";
v0x158e65090_0 .net "clk", 0 0, v0x158e6c830_0;  alias, 1 drivers
v0x158e65160_0 .net "d", 0 0, L_0x158e6f510;  1 drivers
v0x158e65200_0 .var "q", 0 0;
v0x158e65290_0 .net "we", 0 0, L_0x158e6f5b0;  1 drivers
S_0x158e65390 .scope module, "dl0_3" "d_latch" 2 71, 2 34 0, S_0x158e640f0;
 .timescale 0 0;
    .port_info 0 /INPUT 1 "clk";
    .port_info 1 /INPUT 1 "d";
    .port_info 2 /INPUT 1 "we";
    .port_info 3 /OUTPUT 1 "q";
v0x158e655b0_0 .net "clk", 0 0, v0x158e6c830_0;  alias, 1 drivers
v0x158e65650_0 .net "d", 0 0, L_0x158e6f6d0;  1 drivers
v0x158e656f0_0 .var "q", 0 0;
v0x158e657a0_0 .net "we", 0 0, L_0x158e6f770;  1 drivers
S_0x158e658a0 .scope module, "dl1_0" "d_latch" 2 73, 2 34 0, S_0x158e640f0;
 .timescale 0 0;
    .port_info 0 /INPUT 1 "clk";
    .port_info 1 /INPUT 1 "d";
    .port_info 2 /INPUT 1 "we";
    .port_info 3 /OUTPUT 1 "q";
v0x158e65b00_0 .net "clk", 0 0, v0x158e6c830_0;  alias, 1 drivers
v0x158e65c10_0 .net "d", 0 0, L_0x158e6f900;  1 drivers
v0x158e65ca0_0 .var "q", 0 0;
v0x158e65d30_0 .net "we", 0 0, L_0x158e6f9a0;  1 drivers
S_0x158e65e10 .scope module, "dl1_1" "d_latch" 2 74, 2 34 0, S_0x158e640f0;
 .timescale 0 0;
    .port_info 0 /INPUT 1 "clk";
    .port_info 1 /INPUT 1 "d";
    .port_info 2 /INPUT 1 "we";
    .port_info 3 /OUTPUT 1 "q";
v0x158e66030_0 .net "clk", 0 0, v0x158e6c830_0;  alias, 1 drivers
v0x158e660d0_0 .net "d", 0 0, L_0x158e6faa0;  1 drivers
v0x158e66170_0 .var "q", 0 0;
v0x158e66220_0 .net "we", 0 0, L_0x158e6fc40;  1 drivers
S_0x158e66320 .scope module, "dl1_2" "d_latch" 2 75, 2 34 0, S_0x158e640f0;
 .timescale 0 0;
    .port_info 0 /INPUT 1 "clk";
    .port_info 1 /INPUT 1 "d";
    .port_info 2 /INPUT 1 "we";
    .port_info 3 /OUTPUT 1 "q";
v0x158e66540_0 .net "clk", 0 0, v0x158e6c830_0;  alias, 1 drivers
v0x158e665e0_0 .net "d", 0 0, L_0x158e6fce0;  1 drivers
v0x158e66680_0 .var "q", 0 0;
v0x158e66730_0 .net "we", 0 0, L_0x158e6fd80;  1 drivers
S_0x158e66830 .scope module, "dl1_3" "d_latch" 2 76, 2 34 0, S_0x158e640f0;
 .timescale 0 0;
    .port_info 0 /INPUT 1 "clk";
    .port_info 1 /INPUT 1 "d";
    .port_info 2 /INPUT 1 "we";
    .port_info 3 /OUTPUT 1 "q";
v0x158e66a50_0 .net "clk", 0 0, v0x158e6c830_0;  alias, 1 drivers
v0x158e66af0_0 .net "d", 0 0, L_0x158e6ff20;  1 drivers
v0x158e66b90_0 .var "q", 0 0;
v0x158e66c40_0 .net "we", 0 0, L_0x158e6ffc0;  1 drivers
S_0x158e66d40 .scope module, "dl2_0" "d_latch" 2 78, 2 34 0, S_0x158e640f0;
 .timescale 0 0;
    .port_info 0 /INPUT 1 "clk";
    .port_info 1 /INPUT 1 "d";
    .port_info 2 /INPUT 1 "we";
    .port_info 3 /OUTPUT 1 "q";
v0x158e66fe0_0 .net "clk", 0 0, v0x158e6c830_0;  alias, 1 drivers
v0x158e67180_0 .net "d", 0 0, L_0x158e70190;  1 drivers
v0x158e67210_0 .var "q", 0 0;
v0x158e672a0_0 .net "we", 0 0, L_0x158e702d0;  1 drivers
S_0x158e67330 .scope module, "dl2_1" "d_latch" 2 79, 2 34 0, S_0x158e640f0;
 .timescale 0 0;
    .port_info 0 /INPUT 1 "clk";
    .port_info 1 /INPUT 1 "d";
    .port_info 2 /INPUT 1 "we";
    .port_info 3 /OUTPUT 1 "q";
v0x158e67550_0 .net "clk", 0 0, v0x158e6c830_0;  alias, 1 drivers
v0x158e675e0_0 .net "d", 0 0, L_0x158e70370;  1 drivers
v0x158e67670_0 .var "q", 0 0;
v0x158e67720_0 .net "we", 0 0, L_0x158e70230;  1 drivers
S_0x158e67820 .scope module, "dl2_2" "d_latch" 2 80, 2 34 0, S_0x158e640f0;
 .timescale 0 0;
    .port_info 0 /INPUT 1 "clk";
    .port_info 1 /INPUT 1 "d";
    .port_info 2 /INPUT 1 "we";
    .port_info 3 /OUTPUT 1 "q";
v0x158e67a40_0 .net "clk", 0 0, v0x158e6c830_0;  alias, 1 drivers
v0x158e67ae0_0 .net "d", 0 0, L_0x158e704c0;  1 drivers
v0x158e67b80_0 .var "q", 0 0;
v0x158e67c30_0 .net "we", 0 0, L_0x158e70620;  1 drivers
S_0x158e67d30 .scope module, "dl2_3" "d_latch" 2 81, 2 34 0, S_0x158e640f0;
 .timescale 0 0;
    .port_info 0 /INPUT 1 "clk";
    .port_info 1 /INPUT 1 "d";
    .port_info 2 /INPUT 1 "we";
    .port_info 3 /OUTPUT 1 "q";
v0x158e67f50_0 .net "clk", 0 0, v0x158e6c830_0;  alias, 1 drivers
v0x158e67ff0_0 .net "d", 0 0, L_0x158e70410;  1 drivers
v0x158e68090_0 .var "q", 0 0;
v0x158e68140_0 .net "we", 0 0, L_0x158e707b0;  1 drivers
S_0x158e68240 .scope module, "dl3_0" "d_latch" 2 83, 2 34 0, S_0x158e640f0;
 .timescale 0 0;
    .port_info 0 /INPUT 1 "clk";
    .port_info 1 /INPUT 1 "d";
    .port_info 2 /INPUT 1 "we";
    .port_info 3 /OUTPUT 1 "q";
v0x158e68460_0 .net "clk", 0 0, v0x158e6c830_0;  alias, 1 drivers
v0x158e68500_0 .net "d", 0 0, L_0x158e709e0;  1 drivers
v0x158e685a0_0 .var "q", 0 0;
v0x158e68650_0 .net "we", 0 0, L_0x158e706e0;  1 drivers
S_0x158e68750 .scope module, "dl3_1" "d_latch" 2 84, 2 34 0, S_0x158e640f0;
 .timescale 0 0;
    .port_info 0 /INPUT 1 "clk";
    .port_info 1 /INPUT 1 "d";
    .port_info 2 /INPUT 1 "we";
    .port_info 3 /OUTPUT 1 "q";
v0x158e68970_0 .net "clk", 0 0, v0x158e6c830_0;  alias, 1 drivers
v0x158e68a10_0 .net "d", 0 0, L_0x158e70b90;  1 drivers
v0x158e68ab0_0 .var "q", 0 0;
v0x158e68b60_0 .net "we", 0 0, L_0x158e70900;  1 drivers
S_0x158e68c60 .scope module, "dl3_2" "d_latch" 2 85, 2 34 0, S_0x158e640f0;
 .timescale 0 0;
    .port_info 0 /INPUT 1 "clk";
    .port_info 1 /INPUT 1 "d";
    .port_info 2 /INPUT 1 "we";
    .port_info 3 /OUTPUT 1 "q";
v0x158e68e80_0 .net "clk", 0 0, v0x158e6c830_0;  alias, 1 drivers
v0x158e68f20_0 .net "d", 0 0, L_0x158e70e50;  1 drivers
v0x158e68fc0_0 .var "q", 0 0;
v0x158e69070_0 .net "we", 0 0, L_0x158e70aa0;  1 drivers
S_0x158e69170 .scope module, "dl3_3" "d_latch" 2 86, 2 34 0, S_0x158e640f0;
 .timescale 0 0;
    .port_info 0 /INPUT 1 "clk";
    .port_info 1 /INPUT 1 "d";
    .port_info 2 /INPUT 1 "we";
    .port_info 3 /OUTPUT 1 "q";
v0x158e69390_0 .net "clk", 0 0, v0x158e6c830_0;  alias, 1 drivers
v0x158e69430_0 .net "d", 0 0, L_0x158e6fb40;  1 drivers
v0x158e694d0_0 .var "q", 0 0;
v0x158e69580_0 .net "we", 0 0, L_0x158e6fe20;  1 drivers
S_0x158e69680 .scope module, "rd_mux" "mux4" 2 90, 2 128 0, S_0x158e640f0;
 .timescale 0 0;
    .port_info 0 /INPUT 4 "d0";
    .port_info 1 /INPUT 4 "d1";
    .port_info 2 /INPUT 4 "d2";
    .port_info 3 /INPUT 4 "d3";
    .port_info 4 /INPUT 2 "sel";
    .port_info 5 /OUTPUT 4 "y";
P_0x158e69940 .param/l "WIDTH" 0 2 128, +C4<00000000000000000000000000000100>;
L_0x1500782e0 .functor BUFT 1, C4<00>, C4<0>, C4<0>, C4<0>;
v0x158e69a80_0 .net/2u *"_ivl_0", 1 0, L_0x1500782e0;  1 drivers
v0x158e69b40_0 .net *"_ivl_10", 0 0, L_0x158e715b0;  1 drivers
v0x158e69be0_0 .net *"_ivl_12", 3 0, L_0x158e71690;  1 drivers
v0x158e69c70_0 .net *"_ivl_14", 3 0, L_0x158e71790;  1 drivers
v0x158e69d00_0 .net *"_ivl_2", 0 0, L_0x158e71310;  1 drivers
L_0x150078328 .functor BUFT 1, C4<01>, C4<0>, C4<0>, C4<0>;
v0x158e69dd0_0 .net/2u *"_ivl_4", 1 0, L_0x150078328;  1 drivers
v0x158e69e60_0 .net *"_ivl_6", 0 0, L_0x158e71510;  1 drivers
L_0x150078370 .functor BUFT 1, C4<10>, C4<0>, C4<0>, C4<0>;
v0x158e69f00_0 .net/2u *"_ivl_8", 1 0, L_0x150078370;  1 drivers
v0x158e69fb0_0 .net "d0", 3 0, L_0x158e6f810;  alias, 1 drivers
v0x158e6a0c0_0 .net "d1", 3 0, L_0x158e700f0;  alias, 1 drivers
v0x158e6a170_0 .net "d2", 3 0, L_0x158e70560;  alias, 1 drivers
v0x158e6a220_0 .net "d3", 3 0, L_0x158e71210;  alias, 1 drivers
v0x158e6a2d0_0 .net "sel", 1 0, v0x158e6c780_0;  alias, 1 drivers
v0x158e6a380_0 .net "y", 3 0, L_0x158e718e0;  alias, 1 drivers
L_0x158e71310 .cmp/eq 2, v0x158e6c780_0, L_0x1500782e0;
L_0x158e71510 .cmp/eq 2, v0x158e6c780_0, L_0x150078328;
L_0x158e715b0 .cmp/eq 2, v0x158e6c780_0, L_0x150078370;
L_0x158e71690 .functor MUXZ 4, L_0x158e71210, L_0x158e70560, L_0x158e715b0, C4<>;
L_0x158e71790 .functor MUXZ 4, L_0x158e71690, L_0x158e700f0, L_0x158e71510, C4<>;
L_0x158e718e0 .functor MUXZ 4, L_0x158e71790, L_0x158e6f810, L_0x158e71310, C4<>;
S_0x158e6a4c0 .scope module, "we_dec" "dec2to4" 2 62, 2 123 0, S_0x158e640f0;
 .timescale 0 0;
    .port_info 0 /INPUT 2 "a";
    .port_info 1 /INPUT 1 "en";
    .port_info 2 /OUTPUT 4 "y";
L_0x158e71cf0 .functor BUFT 4, L_0x158e6f0f0, C4<0000>, C4<0000>, C4<0000>;
L_0x150078298 .functor BUFT 1, C4<0001>, C4<0>, C4<0>, C4<0>;
v0x158e6a6d0_0 .net/2u *"_ivl_0", 3 0, L_0x150078298;  1 drivers
v0x158e6a770_0 .net *"_ivl_2", 3 0, L_0x158e6f0f0;  1 drivers
v0x158e6a810_0 .net "a", 1 0, v0x158e6c780_0;  alias, 1 drivers
v0x158e6a8c0_0 .net "en", 0 0, L_0x1500783b8;  alias, 1 drivers
v0x158e6a950_0 .net "y", 3 0, L_0x158e71cf0;  alias, 1 drivers
L_0x158e6f0f0 .shift/l 4, L_0x150078298, v0x158e6c780_0;
S_0x158e6b9e0 .scope module, "counter_to_test_against" "counter_reference" 3 41, 3 3 0, S_0x158e4f420;
 .timescale 0 0;
    .port_info 0 /INPUT 1 "clk";
    .port_info 1 /INPUT 2 "addr";
    .port_info 2 /INPUT 1 "control";
    .port_info 3 /INPUT 4 "immediate";
    .port_info 4 /OUTPUT 4 "data";
L_0x158e71c00 .functor BUFZ 4, L_0x158e71a40, C4<0000>, C4<0000>, C4<0000>;
v0x158e6bc60_0 .net *"_ivl_0", 3 0, L_0x158e71a40;  1 drivers
v0x158e6bd20_0 .net *"_ivl_2", 3 0, L_0x158e71ae0;  1 drivers
L_0x150078400 .functor BUFT 1, C4<00>, C4<0>, C4<0>, C4<0>;
v0x158e6bdc0_0 .net *"_ivl_5", 1 0, L_0x150078400;  1 drivers
v0x158e6be70_0 .net "addr", 1 0, v0x158e6c780_0;  alias, 1 drivers
v0x158e6bf10_0 .net "clk", 0 0, v0x158e6c830_0;  alias, 1 drivers
v0x158e6bfe0_0 .net "control", 0 0, v0x158e6c8d0_0;  alias, 1 drivers
v0x158e6c070_0 .net "data", 3 0, L_0x158e71c00;  alias, 1 drivers
v0x158e6c110_0 .var/i "i", 31 0;
v0x158e6c1c0_0 .net "immediate", 3 0, v0x158e6cb20_0;  alias, 1 drivers
v0x158e6c300 .array/s "registers", 3 0, 3 0;
L_0x158e71a40 .array/port v0x158e6c300, L_0x158e71ae0;
L_0x158e71ae0 .concat [ 2 2 0 0], v0x158e6c780_0, L_0x150078400;
S_0x158e6c3d0 .scope task, "execute_op" "execute_op" 3 93, 3 93 0, S_0x158e4f420;
 .timescale 0 0;
v0x158e6c590_0 .var/s "imm", 3 0;
v0x158e6c650_0 .var "op", 0 0;
v0x158e6c6f0_0 .var "write_addr", 1 0;
TD_test_counter.execute_op ;
    %delay 1, 0;
    %load/vec4 v0x158e6c650_0;
    %flag_set/vec4 8;
    %jmp/0 T_3.8, 8;
    %pushi/vec4 45, 0, 8; draw_string_vec4
    %jmp/1 T_3.9, 8;
T_3.8 ; End of true expr.
    %pushi/vec4 43, 0, 8; draw_string_vec4
    %jmp/0 T_3.9, 8;
 ; End of false expr.
    %blend;
T_3.9;
    %vpi_call 3 96 "$display", "addr = %0d, op = %s, immediate = %0d", v0x158e6c6f0_0, S<0,vec4,u8>, v0x158e6c590_0 {1 0 0};
    %load/vec4 v0x158e6c6f0_0;
    %store/vec4 v0x158e6c780_0, 0, 2;
    %load/vec4 v0x158e6c650_0;
    %store/vec4 v0x158e6c8d0_0, 0, 1;
    %load/vec4 v0x158e6c590_0;
    %store/vec4 v0x158e6cb20_0, 0, 4;
    %delay 1, 0;
    %fork TD_test_counter.check_memory_state, S_0x158e636f0;
    %join;
    %delay 1, 0;
    %vpi_call 3 103 "$display", "clk = 1" {0 0 0};
    %pushi/vec4 1, 0, 1;
    %store/vec4 v0x158e6c830_0, 0, 1;
    %delay 1, 0;
    %fork TD_test_counter.check_memory_state, S_0x158e636f0;
    %join;
    %delay 1, 0;
    %vpi_call 3 108 "$display", "clk = 0" {0 0 0};
    %pushi/vec4 0, 0, 1;
    %store/vec4 v0x158e6c830_0, 0, 1;
    %delay 1, 0;
    %fork TD_test_counter.check_memory_state, S_0x158e636f0;
    %join;
    %end;
    .scope S_0x158e64380;
T_4 ;
    %pushi/vec4 0, 0, 1;
    %assign/vec4 v0x158e64780_0, 0;
    %end;
    .thread T_4;
    .scope S_0x158e64380;
T_5 ;
    %wait E_0x158e645d0;
    %load/vec4 v0x158e64830_0;
    %flag_set/vec4 8;
    %jmp/0xz  T_5.0, 8;
    %load/vec4 v0x158e646e0_0;
    %assign/vec4 v0x158e64780_0, 0;
T_5.0 ;
    %jmp T_5;
    .thread T_5;
    .scope S_0x158e64930;
T_6 ;
    %pushi/vec4 0, 0, 1;
    %assign/vec4 v0x158e64ca0_0, 0;
    %end;
    .thread T_6;
    .scope S_0x158e64930;
T_7 ;
    %wait E_0x158e645d0;
    %load/vec4 v0x158e64d50_0;
    %flag_set/vec4 8;
    %jmp/0xz  T_7.0, 8;
    %load/vec4 v0x158e64c10_0;
    %assign/vec4 v0x158e64ca0_0, 0;
T_7.0 ;
    %jmp T_7;
    .thread T_7;
    .scope S_0x158e64e50;
T_8 ;
    %pushi/vec4 0, 0, 1;
    %assign/vec4 v0x158e65200_0, 0;
    %end;
    .thread T_8;
    .scope S_0x158e64e50;
T_9 ;
    %wait E_0x158e645d0;
    %load/vec4 v0x158e65290_0;
    %flag_set/vec4 8;
    %jmp/0xz  T_9.0, 8;
    %load/vec4 v0x158e65160_0;
    %assign/vec4 v0x158e65200_0, 0;
T_9.0 ;
    %jmp T_9;
    .thread T_9;
    .scope S_0x158e65390;
T_10 ;
    %pushi/vec4 0, 0, 1;
    %assign/vec4 v0x158e656f0_0, 0;
    %end;
    .thread T_10;
    .scope S_0x158e65390;
T_11 ;
    %wait E_0x158e645d0;
    %load/vec4 v0x158e657a0_0;
    %flag_set/vec4 8;
    %jmp/0xz  T_11.0, 8;
    %load/vec4 v0x158e65650_0;
    %assign/vec4 v0x158e656f0_0, 0;
T_11.0 ;
    %jmp T_11;
    .thread T_11;
    .scope S_0x158e658a0;
T_12 ;
    %pushi/vec4 0, 0, 1;
    %assign/vec4 v0x158e65ca0_0, 0;
    %end;
    .thread T_12;
    .scope S_0x158e658a0;
T_13 ;
    %wait E_0x158e645d0;
    %load/vec4 v0x158e65d30_0;
    %flag_set/vec4 8;
    %jmp/0xz  T_13.0, 8;
    %load/vec4 v0x158e65c10_0;
    %assign/vec4 v0x158e65ca0_0, 0;
T_13.0 ;
    %jmp T_13;
    .thread T_13;
    .scope S_0x158e65e10;
T_14 ;
    %pushi/vec4 0, 0, 1;
    %assign/vec4 v0x158e66170_0, 0;
    %end;
    .thread T_14;
    .scope S_0x158e65e10;
T_15 ;
    %wait E_0x158e645d0;
    %load/vec4 v0x158e66220_0;
    %flag_set/vec4 8;
    %jmp/0xz  T_15.0, 8;
    %load/vec4 v0x158e660d0_0;
    %assign/vec4 v0x158e66170_0, 0;
T_15.0 ;
    %jmp T_15;
    .thread T_15;
    .scope S_0x158e66320;
T_16 ;
    %pushi/vec4 0, 0, 1;
    %assign/vec4 v0x158e66680_0, 0;
    %end;
    .thread T_16;
    .scope S_0x158e66320;
T_17 ;
    %wait E_0x158e645d0;
    %load/vec4 v0x158e66730_0;
    %flag_set/vec4 8;
    %jmp/0xz  T_17.0, 8;
    %load/vec4 v0x158e665e0_0;
    %assign/vec4 v0x158e66680_0, 0;
T_17.0 ;
    %jmp T_17;
    .thread T_17;
    .scope S_0x158e66830;
T_18 ;
    %pushi/vec4 0, 0, 1;
    %assign/vec4 v0x158e66b90_0, 0;
    %end;
    .thread T_18;
    .scope S_0x158e66830;
T_19 ;
    %wait E_0x158e645d0;
    %load/vec4 v0x158e66c40_0;
    %flag_set/vec4 8;
    %jmp/0xz  T_19.0, 8;
    %load/vec4 v0x158e66af0_0;
    %assign/vec4 v0x158e66b90_0, 0;
T_19.0 ;
    %jmp T_19;
    .thread T_19;
    .scope S_0x158e66d40;
T_20 ;
    %pushi/vec4 0, 0, 1;
    %assign/vec4 v0x158e67210_0, 0;
    %end;
    .thread T_20;
    .scope S_0x158e66d40;
T_21 ;
    %wait E_0x158e645d0;
    %load/vec4 v0x158e672a0_0;
    %flag_set/vec4 8;
    %jmp/0xz  T_21.0, 8;
    %load/vec4 v0x158e67180_0;
    %assign/vec4 v0x158e67210_0, 0;
T_21.0 ;
    %jmp T_21;
    .thread T_21;
    .scope S_0x158e67330;
T_22 ;
    %pushi/vec4 0, 0, 1;
    %assign/vec4 v0x158e67670_0, 0;
    %end;
    .thread T_22;
    .scope S_0x158e67330;
T_23 ;
    %wait E_0x158e645d0;
    %load/vec4 v0x158e67720_0;
    %flag_set/vec4 8;
    %jmp/0xz  T_23.0, 8;
    %load/vec4 v0x158e675e0_0;
    %assign/vec4 v0x158e67670_0, 0;
T_23.0 ;
    %jmp T_23;
    .thread T_23;
    .scope S_0x158e67820;
T_24 ;
    %pushi/vec4 0, 0, 1;
    %assign/vec4 v0x158e67b80_0, 0;
    %end;
    .thread T_24;
    .scope S_0x158e67820;
T_25 ;
    %wait E_0x158e645d0;
    %load/vec4 v0x158e67c30_0;
    %flag_set/vec4 8;
    %jmp/0xz  T_25.0, 8;
    %load/vec4 v0x158e67ae0_0;
    %assign/vec4 v0x158e67b80_0, 0;
T_25.0 ;
    %jmp T_25;
    .thread T_25;
    .scope S_0x158e67d30;
T_26 ;
    %pushi/vec4 0, 0, 1;
    %assign/vec4 v0x158e68090_0, 0;
    %end;
    .thread T_26;
    .scope S_0x158e67d30;
T_27 ;
    %wait E_0x158e645d0;
    %load/vec4 v0x158e68140_0;
    %flag_set/vec4 8;
    %jmp/0xz  T_27.0, 8;
    %load/vec4 v0x158e67ff0_0;
    %assign/vec4 v0x158e68090_0, 0;
T_27.0 ;
    %jmp T_27;
    .thread T_27;
    .scope S_0x158e68240;
T_28 ;
    %pushi/vec4 0, 0, 1;
    %assign/vec4 v0x158e685a0_0, 0;
    %end;
    .thread T_28;
    .scope S_0x158e68240;
T_29 ;
    %wait E_0x158e645d0;
    %load/vec4 v0x158e68650_0;
    %flag_set/vec4 8;
    %jmp/0xz  T_29.0, 8;
    %load/vec4 v0x158e68500_0;
    %assign/vec4 v0x158e685a0_0, 0;
T_29.0 ;
    %jmp T_29;
    .thread T_29;
    .scope S_0x158e68750;
T_30 ;
    %pushi/vec4 0, 0, 1;
    %assign/vec4 v0x158e68ab0_0, 0;
    %end;
    .thread T_30;
    .scope S_0x158e68750;
T_31 ;
    %wait E_0x158e645d0;
    %load/vec4 v0x158e68b60_0;
    %flag_set/vec4 8;
    %jmp/0xz  T_31.0, 8;
    %load/vec4 v0x158e68a10_0;
    %assign/vec4 v0x158e68ab0_0, 0;
T_31.0 ;
    %jmp T_31;
    .thread T_31;
    .scope S_0x158e68c60;
T_32 ;
    %pushi/vec4 0, 0, 1;
    %assign/vec4 v0x158e68fc0_0, 0;
    %end;
    .thread T_32;
    .scope S_0x158e68c60;
T_33 ;
    %wait E_0x158e645d0;
    %load/vec4 v0x158e69070_0;
    %flag_set/vec4 8;
    %jmp/0xz  T_33.0, 8;
    %load/vec4 v0x158e68f20_0;
    %assign/vec4 v0x158e68fc0_0, 0;
T_33.0 ;
    %jmp T_33;
    .thread T_33;
    .scope S_0x158e69170;
T_34 ;
    %pushi/vec4 0, 0, 1;
    %assign/vec4 v0x158e694d0_0, 0;
    %end;
    .thread T_34;
    .scope S_0x158e69170;
T_35 ;
    %wait E_0x158e645d0;
    %load/vec4 v0x158e69580_0;
    %flag_set/vec4 8;
    %jmp/0xz  T_35.0, 8;
    %load/vec4 v0x158e69430_0;
    %assign/vec4 v0x158e694d0_0, 0;
T_35.0 ;
    %jmp T_35;
    .thread T_35;
    .scope S_0x158e6b9e0;
T_36 ;
    %pushi/vec4 0, 0, 32;
    %store/vec4 v0x158e6c110_0, 0, 32;
T_36.0 ;
    %load/vec4 v0x158e6c110_0;
    %cmpi/s 4, 0, 32;
    %jmp/0xz T_36.1, 5;
    %pushi/vec4 0, 0, 4;
    %ix/getv/s 4, v0x158e6c110_0;
    %store/vec4a v0x158e6c300, 4, 0;
    %load/vec4 v0x158e6c110_0;
    %addi 1, 0, 32;
    %store/vec4 v0x158e6c110_0, 0, 32;
    %jmp T_36.0;
T_36.1 ;
    %end;
    .thread T_36;
    .scope S_0x158e6b9e0;
T_37 ;
    %wait E_0x158e645d0;
    %load/vec4 v0x158e6bfe0_0;
    %dup/vec4;
    %pushi/vec4 0, 0, 1;
    %cmp/u;
    %jmp/1 T_37.0, 6;
    %dup/vec4;
    %pushi/vec4 1, 0, 1;
    %cmp/u;
    %jmp/1 T_37.1, 6;
    %jmp T_37.2;
T_37.0 ;
    %load/vec4 v0x158e6be70_0;
    %pad/u 4;
    %ix/vec4 4;
    %load/vec4a v0x158e6c300, 4;
    %load/vec4 v0x158e6c1c0_0;
    %add;
    %load/vec4 v0x158e6be70_0;
    %pad/u 4;
    %ix/vec4 4;
    %store/vec4a v0x158e6c300, 4, 0;
    %jmp T_37.2;
T_37.1 ;
    %load/vec4 v0x158e6be70_0;
    %pad/u 4;
    %ix/vec4 4;
    %load/vec4a v0x158e6c300, 4;
    %load/vec4 v0x158e6c1c0_0;
    %sub;
    %load/vec4 v0x158e6be70_0;
    %pad/u 4;
    %ix/vec4 4;
    %store/vec4a v0x158e6c300, 4, 0;
    %jmp T_37.2;
T_37.2 ;
    %pop/vec4 1;
    %jmp T_37;
    .thread T_37;
    .scope S_0x158e4f420;
T_38 ;
    %pushi/vec4 0, 0, 1;
    %store/vec4 v0x158e6c830_0, 0, 1;
    %pushi/vec4 0, 0, 1;
    %store/vec4 v0x158e6c650_0, 0, 1;
    %pushi/vec4 0, 0, 2;
    %store/vec4 v0x158e6c6f0_0, 0, 2;
    %pushi/vec4 15, 0, 4;
    %store/vec4 v0x158e6c590_0, 0, 4;
    %fork TD_test_counter.execute_op, S_0x158e6c3d0;
    %join;
    %pushi/vec4 0, 0, 1;
    %store/vec4 v0x158e6c650_0, 0, 1;
    %pushi/vec4 1, 0, 2;
    %store/vec4 v0x158e6c6f0_0, 0, 2;
    %pushi/vec4 10, 0, 4;
    %store/vec4 v0x158e6c590_0, 0, 4;
    %fork TD_test_counter.execute_op, S_0x158e6c3d0;
    %join;
    %pushi/vec4 0, 0, 1;
    %store/vec4 v0x158e6c650_0, 0, 1;
    %pushi/vec4 2, 0, 2;
    %store/vec4 v0x158e6c6f0_0, 0, 2;
    %pushi/vec4 5, 0, 4;
    %store/vec4 v0x158e6c590_0, 0, 4;
    %fork TD_test_counter.execute_op, S_0x158e6c3d0;
    %join;
    %pushi/vec4 0, 0, 1;
    %store/vec4 v0x158e6c650_0, 0, 1;
    %pushi/vec4 3, 0, 2;
    %store/vec4 v0x158e6c6f0_0, 0, 2;
    %pushi/vec4 0, 0, 4;
    %store/vec4 v0x158e6c590_0, 0, 4;
    %fork TD_test_counter.execute_op, S_0x158e6c3d0;
    %join;
    %pushi/vec4 0, 0, 1;
    %store/vec4 v0x158e6c650_0, 0, 1;
    %pushi/vec4 0, 0, 2;
    %store/vec4 v0x158e6c6f0_0, 0, 2;
    %pushi/vec4 5, 0, 4;
    %store/vec4 v0x158e6c590_0, 0, 4;
    %fork TD_test_counter.execute_op, S_0x158e6c3d0;
    %join;
    %pushi/vec4 0, 0, 1;
    %store/vec4 v0x158e6c650_0, 0, 1;
    %pushi/vec4 1, 0, 2;
    %store/vec4 v0x158e6c6f0_0, 0, 2;
    %pushi/vec4 6, 0, 4;
    %store/vec4 v0x158e6c590_0, 0, 4;
    %fork TD_test_counter.execute_op, S_0x158e6c3d0;
    %join;
    %pushi/vec4 1, 0, 1;
    %store/vec4 v0x158e6c650_0, 0, 1;
    %pushi/vec4 2, 0, 2;
    %store/vec4 v0x158e6c6f0_0, 0, 2;
    %pushi/vec4 3, 0, 4;
    %store/vec4 v0x158e6c590_0, 0, 4;
    %fork TD_test_counter.execute_op, S_0x158e6c3d0;
    %join;
    %pushi/vec4 1, 0, 1;
    %store/vec4 v0x158e6c650_0, 0, 1;
    %pushi/vec4 2, 0, 2;
    %store/vec4 v0x158e6c6f0_0, 0, 2;
    %pushi/vec4 1, 0, 4;
    %store/vec4 v0x158e6c590_0, 0, 4;
    %fork TD_test_counter.execute_op, S_0x158e6c3d0;
    %join;
    %pushi/vec4 1, 0, 1;
    %store/vec4 v0x158e6c650_0, 0, 1;
    %pushi/vec4 0, 0, 2;
    %store/vec4 v0x158e6c6f0_0, 0, 2;
    %pushi/vec4 2, 0, 4;
    %store/vec4 v0x158e6c590_0, 0, 4;
    %fork TD_test_counter.execute_op, S_0x158e6c3d0;
    %join;
    %pushi/vec4 1, 0, 1;
    %store/vec4 v0x158e6c650_0, 0, 1;
    %pushi/vec4 1, 0, 2;
    %store/vec4 v0x158e6c6f0_0, 0, 2;
    %pushi/vec4 5, 0, 4;
    %store/vec4 v0x158e6c590_0, 0, 4;
    %fork TD_test_counter.execute_op, S_0x158e6c3d0;
    %join;
    %pushi/vec4 0, 0, 1;
    %store/vec4 v0x158e6c650_0, 0, 1;
    %pushi/vec4 2, 0, 2;
    %store/vec4 v0x158e6c6f0_0, 0, 2;
    %pushi/vec4 1, 0, 4;
    %store/vec4 v0x158e6c590_0, 0, 4;
    %fork TD_test_counter.execute_op, S_0x158e6c3d0;
    %join;
    %pushi/vec4 0, 0, 1;
    %store/vec4 v0x158e6c650_0, 0, 1;
    %pushi/vec4 3, 0, 2;
    %store/vec4 v0x158e6c6f0_0, 0, 2;
    %pushi/vec4 7, 0, 4;
    %store/vec4 v0x158e6c590_0, 0, 4;
    %fork TD_test_counter.execute_op, S_0x158e6c3d0;
    %join;
    %end;
    .thread T_38;
# The file index is used to find the file name in the following table.
:file_names 4;
    "N/A";
    "<interactive>";
    "./templates.v";
    "counter_test.v";
